2023.02.28 09:13:13 INFO  tracing is disabled for protocol LSP, to enable tracing of incoming and outgoing JSON messages create an empty file at c:\Users\aelh\OneDrive - ALAN ALLMAN ASSOCIATES\Bureau\Git\Va-t-il_pleuvoir_demain\.metals\lsp.trace.json or C:\Users\aelh\AppData\Local\scalameta\metals\cache\lsp.trace.json
févr. 28, 2023 9:13:16 AM org.eclipse.lsp4j.jsonrpc.RemoteEndpoint fallbackResponseError
GRAVE: Internal error: java.lang.IllegalArgumentException: Illegal character in path at index 30: file:///c:/Users/aelh/OneDrive - ALAN ALLMAN ASSOCIATES/Bureau/Git/Va-t-il_pleuvoir_demain
java.util.concurrent.CompletionException: java.lang.IllegalArgumentException: Illegal character in path at index 30: file:///c:/Users/aelh/OneDrive - ALAN ALLMAN ASSOCIATES/Bureau/Git/Va-t-il_pleuvoir_demain
	at java.util.concurrent.CompletableFuture.encodeThrowable(CompletableFuture.java:292)
	at java.util.concurrent.CompletableFuture.completeThrowable(CompletableFuture.java:308)
	at java.util.concurrent.CompletableFuture.uniAccept(CompletableFuture.java:661)
	at java.util.concurrent.CompletableFuture$UniAccept.tryFire(CompletableFuture.java:646)
	at java.util.concurrent.CompletableFuture.postComplete(CompletableFuture.java:488)
	at java.util.concurrent.CompletableFuture.completeExceptionally(CompletableFuture.java:1990)
	at scala.concurrent.java8.FuturesConvertersImpl$CF.apply(FutureConvertersImpl.scala:29)
	at scala.concurrent.java8.FuturesConvertersImpl$CF.apply(FutureConvertersImpl.scala:26)
	at scala.concurrent.impl.Promise$Transformation.run(Promise.scala:484)
	at scala.concurrent.ExecutionContext$parasitic$.execute(ExecutionContext.scala:222)
	at scala.concurrent.impl.Promise$Transformation.submitWithValue(Promise.scala:429)
	at scala.concurrent.impl.Promise$DefaultPromise.submitWithValue(Promise.scala:338)
	at scala.concurrent.impl.Promise$DefaultPromise.tryComplete0(Promise.scala:285)
	at scala.concurrent.impl.Promise$Transformation.run(Promise.scala:504)
	at java.util.concurrent.ThreadPoolExecutor.runWorker(ThreadPoolExecutor.java:1149)
	at java.util.concurrent.ThreadPoolExecutor$Worker.run(ThreadPoolExecutor.java:624)
	at java.lang.Thread.run(Thread.java:748)
Caused by: java.lang.IllegalArgumentException: Illegal character in path at index 30: file:///c:/Users/aelh/OneDrive - ALAN ALLMAN ASSOCIATES/Bureau/Git/Va-t-il_pleuvoir_demain
	at java.net.URI.create(URI.java:852)
	at scala.meta.internal.mtags.MtagsEnrichments$XtensionStringMtags.toAbsolutePath(MtagsEnrichments.scala:158)
	at scala.meta.internal.metals.MetalsEnrichments$XtensionString.toAbsolutePath(MetalsEnrichments.scala:609)
	at scala.meta.internal.metals.MetalsEnrichments$XtensionString.toAbsolutePath(MetalsEnrichments.scala:606)
	at scala.meta.internal.metals.MetalsLanguageServer.updateWorkspaceDirectory(MetalsLanguageServer.scala:365)
	at scala.meta.internal.metals.MetalsLanguageServer.$anonfun$initialize$2(MetalsLanguageServer.scala:879)
	at scala.concurrent.Future$.$anonfun$apply$1(Future.scala:678)
	at scala.concurrent.impl.Promise$Transformation.run(Promise.scala:467)
	... 3 more
Caused by: java.net.URISyntaxException: Illegal character in path at index 30: file:///c:/Users/aelh/OneDrive - ALAN ALLMAN ASSOCIATES/Bureau/Git/Va-t-il_pleuvoir_demain
	at java.net.URI$Parser.fail(URI.java:2847)
	at java.net.URI$Parser.checkChars(URI.java:3020)
	at java.net.URI$Parser.parseHierarchical(URI.java:3104)
	at java.net.URI$Parser.parse(URI.java:3052)
	at java.net.URI.<init>(URI.java:588)
	at java.net.URI.create(URI.java:850)
	... 10 more

2023.02.28 09:13:21 INFO  tracing is disabled for protocol LSP, to enable tracing of incoming and outgoing JSON messages create an empty file at c:\Users\aelh\OneDrive - ALAN ALLMAN ASSOCIATES\Bureau\Git\Va-t-il_pleuvoir_demain\.metals\lsp.trace.json or C:\Users\aelh\AppData\Local\scalameta\metals\cache\lsp.trace.json
févr. 28, 2023 9:13:23 AM org.eclipse.lsp4j.jsonrpc.RemoteEndpoint fallbackResponseError
GRAVE: Internal error: java.lang.IllegalArgumentException: Illegal character in path at index 30: file:///c:/Users/aelh/OneDrive - ALAN ALLMAN ASSOCIATES/Bureau/Git/Va-t-il_pleuvoir_demain
java.util.concurrent.CompletionException: java.lang.IllegalArgumentException: Illegal character in path at index 30: file:///c:/Users/aelh/OneDrive - ALAN ALLMAN ASSOCIATES/Bureau/Git/Va-t-il_pleuvoir_demain
	at java.util.concurrent.CompletableFuture.encodeThrowable(CompletableFuture.java:292)
	at java.util.concurrent.CompletableFuture.completeThrowable(CompletableFuture.java:308)
	at java.util.concurrent.CompletableFuture.uniAccept(CompletableFuture.java:661)
	at java.util.concurrent.CompletableFuture$UniAccept.tryFire(CompletableFuture.java:646)
	at java.util.concurrent.CompletableFuture.postComplete(CompletableFuture.java:488)
	at java.util.concurrent.CompletableFuture.completeExceptionally(CompletableFuture.java:1990)
	at scala.concurrent.java8.FuturesConvertersImpl$CF.apply(FutureConvertersImpl.scala:29)
	at scala.concurrent.java8.FuturesConvertersImpl$CF.apply(FutureConvertersImpl.scala:26)
	at scala.concurrent.impl.Promise$Transformation.run(Promise.scala:484)
	at scala.concurrent.ExecutionContext$parasitic$.execute(ExecutionContext.scala:222)
	at scala.concurrent.impl.Promise$Transformation.submitWithValue(Promise.scala:429)
	at scala.concurrent.impl.Promise$DefaultPromise.submitWithValue(Promise.scala:338)
	at scala.concurrent.impl.Promise$DefaultPromise.tryComplete0(Promise.scala:285)
	at scala.concurrent.impl.Promise$Transformation.run(Promise.scala:504)
	at java.util.concurrent.ThreadPoolExecutor.runWorker(ThreadPoolExecutor.java:1149)
	at java.util.concurrent.ThreadPoolExecutor$Worker.run(ThreadPoolExecutor.java:624)
	at java.lang.Thread.run(Thread.java:748)
Caused by: java.lang.IllegalArgumentException: Illegal character in path at index 30: file:///c:/Users/aelh/OneDrive - ALAN ALLMAN ASSOCIATES/Bureau/Git/Va-t-il_pleuvoir_demain
	at java.net.URI.create(URI.java:852)
	at scala.meta.internal.mtags.MtagsEnrichments$XtensionStringMtags.toAbsolutePath(MtagsEnrichments.scala:158)
	at scala.meta.internal.metals.MetalsEnrichments$XtensionString.toAbsolutePath(MetalsEnrichments.scala:609)
	at scala.meta.internal.metals.MetalsEnrichments$XtensionString.toAbsolutePath(MetalsEnrichments.scala:606)
	at scala.meta.internal.metals.MetalsLanguageServer.updateWorkspaceDirectory(MetalsLanguageServer.scala:365)
	at scala.meta.internal.metals.MetalsLanguageServer.$anonfun$initialize$2(MetalsLanguageServer.scala:879)
	at scala.concurrent.Future$.$anonfun$apply$1(Future.scala:678)
	at scala.concurrent.impl.Promise$Transformation.run(Promise.scala:467)
	... 3 more
Caused by: java.net.URISyntaxException: Illegal character in path at index 30: file:///c:/Users/aelh/OneDrive - ALAN ALLMAN ASSOCIATES/Bureau/Git/Va-t-il_pleuvoir_demain
	at java.net.URI$Parser.fail(URI.java:2847)
	at java.net.URI$Parser.checkChars(URI.java:3020)
	at java.net.URI$Parser.parseHierarchical(URI.java:3104)
	at java.net.URI$Parser.parse(URI.java:3052)
	at java.net.URI.<init>(URI.java:588)
	at java.net.URI.create(URI.java:850)
	... 10 more

2023.02.28 09:13:27 INFO  tracing is disabled for protocol LSP, to enable tracing of incoming and outgoing JSON messages create an empty file at c:\Users\aelh\OneDrive - ALAN ALLMAN ASSOCIATES\Bureau\Git\Va-t-il_pleuvoir_demain\.metals\lsp.trace.json or C:\Users\aelh\AppData\Local\scalameta\metals\cache\lsp.trace.json
févr. 28, 2023 9:13:30 AM org.eclipse.lsp4j.jsonrpc.RemoteEndpoint fallbackResponseError
GRAVE: Internal error: java.lang.IllegalArgumentException: Illegal character in path at index 30: file:///c:/Users/aelh/OneDrive - ALAN ALLMAN ASSOCIATES/Bureau/Git/Va-t-il_pleuvoir_demain
java.util.concurrent.CompletionException: java.lang.IllegalArgumentException: Illegal character in path at index 30: file:///c:/Users/aelh/OneDrive - ALAN ALLMAN ASSOCIATES/Bureau/Git/Va-t-il_pleuvoir_demain
	at java.util.concurrent.CompletableFuture.encodeThrowable(CompletableFuture.java:292)
	at java.util.concurrent.CompletableFuture.completeThrowable(CompletableFuture.java:308)
	at java.util.concurrent.CompletableFuture.uniAccept(CompletableFuture.java:661)
	at java.util.concurrent.CompletableFuture$UniAccept.tryFire(CompletableFuture.java:646)
	at java.util.concurrent.CompletableFuture.postComplete(CompletableFuture.java:488)
	at java.util.concurrent.CompletableFuture.completeExceptionally(CompletableFuture.java:1990)
	at scala.concurrent.java8.FuturesConvertersImpl$CF.apply(FutureConvertersImpl.scala:29)
	at scala.concurrent.java8.FuturesConvertersImpl$CF.apply(FutureConvertersImpl.scala:26)
	at scala.concurrent.impl.Promise$Transformation.run(Promise.scala:484)
	at scala.concurrent.ExecutionContext$parasitic$.execute(ExecutionContext.scala:222)
	at scala.concurrent.impl.Promise$Transformation.submitWithValue(Promise.scala:429)
	at scala.concurrent.impl.Promise$DefaultPromise.submitWithValue(Promise.scala:338)
	at scala.concurrent.impl.Promise$DefaultPromise.tryComplete0(Promise.scala:285)
	at scala.concurrent.impl.Promise$Transformation.run(Promise.scala:504)
	at java.util.concurrent.ThreadPoolExecutor.runWorker(ThreadPoolExecutor.java:1149)
	at java.util.concurrent.ThreadPoolExecutor$Worker.run(ThreadPoolExecutor.java:624)
	at java.lang.Thread.run(Thread.java:748)
Caused by: java.lang.IllegalArgumentException: Illegal character in path at index 30: file:///c:/Users/aelh/OneDrive - ALAN ALLMAN ASSOCIATES/Bureau/Git/Va-t-il_pleuvoir_demain
	at java.net.URI.create(URI.java:852)
	at scala.meta.internal.mtags.MtagsEnrichments$XtensionStringMtags.toAbsolutePath(MtagsEnrichments.scala:158)
	at scala.meta.internal.metals.MetalsEnrichments$XtensionString.toAbsolutePath(MetalsEnrichments.scala:609)
	at scala.meta.internal.metals.MetalsEnrichments$XtensionString.toAbsolutePath(MetalsEnrichments.scala:606)
	at scala.meta.internal.metals.MetalsLanguageServer.updateWorkspaceDirectory(MetalsLanguageServer.scala:365)
	at scala.meta.internal.metals.MetalsLanguageServer.$anonfun$initialize$2(MetalsLanguageServer.scala:879)
	at scala.concurrent.Future$.$anonfun$apply$1(Future.scala:678)
	at scala.concurrent.impl.Promise$Transformation.run(Promise.scala:467)
	... 3 more
Caused by: java.net.URISyntaxException: Illegal character in path at index 30: file:///c:/Users/aelh/OneDrive - ALAN ALLMAN ASSOCIATES/Bureau/Git/Va-t-il_pleuvoir_demain
	at java.net.URI$Parser.fail(URI.java:2847)
	at java.net.URI$Parser.checkChars(URI.java:3020)
	at java.net.URI$Parser.parseHierarchical(URI.java:3104)
	at java.net.URI$Parser.parse(URI.java:3052)
	at java.net.URI.<init>(URI.java:588)
	at java.net.URI.create(URI.java:850)
	... 10 more

2023.02.28 09:13:35 INFO  tracing is disabled for protocol LSP, to enable tracing of incoming and outgoing JSON messages create an empty file at c:\Users\aelh\OneDrive - ALAN ALLMAN ASSOCIATES\Bureau\Git\Va-t-il_pleuvoir_demain\.metals\lsp.trace.json or C:\Users\aelh\AppData\Local\scalameta\metals\cache\lsp.trace.json
févr. 28, 2023 9:13:37 AM org.eclipse.lsp4j.jsonrpc.RemoteEndpoint fallbackResponseError
GRAVE: Internal error: java.lang.IllegalArgumentException: Illegal character in path at index 30: file:///c:/Users/aelh/OneDrive - ALAN ALLMAN ASSOCIATES/Bureau/Git/Va-t-il_pleuvoir_demain
java.util.concurrent.CompletionException: java.lang.IllegalArgumentException: Illegal character in path at index 30: file:///c:/Users/aelh/OneDrive - ALAN ALLMAN ASSOCIATES/Bureau/Git/Va-t-il_pleuvoir_demain
	at java.util.concurrent.CompletableFuture.encodeThrowable(CompletableFuture.java:292)
	at java.util.concurrent.CompletableFuture.completeThrowable(CompletableFuture.java:308)
	at java.util.concurrent.CompletableFuture.uniAccept(CompletableFuture.java:661)
	at java.util.concurrent.CompletableFuture$UniAccept.tryFire(CompletableFuture.java:646)
	at java.util.concurrent.CompletableFuture.postComplete(CompletableFuture.java:488)
	at java.util.concurrent.CompletableFuture.completeExceptionally(CompletableFuture.java:1990)
	at scala.concurrent.java8.FuturesConvertersImpl$CF.apply(FutureConvertersImpl.scala:29)
	at scala.concurrent.java8.FuturesConvertersImpl$CF.apply(FutureConvertersImpl.scala:26)
	at scala.concurrent.impl.Promise$Transformation.run(Promise.scala:484)
	at scala.concurrent.ExecutionContext$parasitic$.execute(ExecutionContext.scala:222)
	at scala.concurrent.impl.Promise$Transformation.submitWithValue(Promise.scala:429)
	at scala.concurrent.impl.Promise$DefaultPromise.submitWithValue(Promise.scala:338)
	at scala.concurrent.impl.Promise$DefaultPromise.tryComplete0(Promise.scala:285)
	at scala.concurrent.impl.Promise$Transformation.run(Promise.scala:504)
	at java.util.concurrent.ThreadPoolExecutor.runWorker(ThreadPoolExecutor.java:1149)
	at java.util.concurrent.ThreadPoolExecutor$Worker.run(ThreadPoolExecutor.java:624)
	at java.lang.Thread.run(Thread.java:748)
Caused by: java.lang.IllegalArgumentException: Illegal character in path at index 30: file:///c:/Users/aelh/OneDrive - ALAN ALLMAN ASSOCIATES/Bureau/Git/Va-t-il_pleuvoir_demain
	at java.net.URI.create(URI.java:852)
	at scala.meta.internal.mtags.MtagsEnrichments$XtensionStringMtags.toAbsolutePath(MtagsEnrichments.scala:158)
	at scala.meta.internal.metals.MetalsEnrichments$XtensionString.toAbsolutePath(MetalsEnrichments.scala:609)
	at scala.meta.internal.metals.MetalsEnrichments$XtensionString.toAbsolutePath(MetalsEnrichments.scala:606)
	at scala.meta.internal.metals.MetalsLanguageServer.updateWorkspaceDirectory(MetalsLanguageServer.scala:365)
	at scala.meta.internal.metals.MetalsLanguageServer.$anonfun$initialize$2(MetalsLanguageServer.scala:879)
	at scala.concurrent.Future$.$anonfun$apply$1(Future.scala:678)
	at scala.concurrent.impl.Promise$Transformation.run(Promise.scala:467)
	... 3 more
Caused by: java.net.URISyntaxException: Illegal character in path at index 30: file:///c:/Users/aelh/OneDrive - ALAN ALLMAN ASSOCIATES/Bureau/Git/Va-t-il_pleuvoir_demain
	at java.net.URI$Parser.fail(URI.java:2847)
	at java.net.URI$Parser.checkChars(URI.java:3020)
	at java.net.URI$Parser.parseHierarchical(URI.java:3104)
	at java.net.URI$Parser.parse(URI.java:3052)
	at java.net.URI.<init>(URI.java:588)
	at java.net.URI.create(URI.java:850)
	... 10 more

2023.02.28 09:13:41 INFO  tracing is disabled for protocol LSP, to enable tracing of incoming and outgoing JSON messages create an empty file at c:\Users\aelh\OneDrive - ALAN ALLMAN ASSOCIATES\Bureau\Git\Va-t-il_pleuvoir_demain\.metals\lsp.trace.json or C:\Users\aelh\AppData\Local\scalameta\metals\cache\lsp.trace.json
févr. 28, 2023 9:13:43 AM org.eclipse.lsp4j.jsonrpc.RemoteEndpoint fallbackResponseError
GRAVE: Internal error: java.lang.IllegalArgumentException: Illegal character in path at index 30: file:///c:/Users/aelh/OneDrive - ALAN ALLMAN ASSOCIATES/Bureau/Git/Va-t-il_pleuvoir_demain
java.util.concurrent.CompletionException: java.lang.IllegalArgumentException: Illegal character in path at index 30: file:///c:/Users/aelh/OneDrive - ALAN ALLMAN ASSOCIATES/Bureau/Git/Va-t-il_pleuvoir_demain
	at java.util.concurrent.CompletableFuture.encodeThrowable(CompletableFuture.java:292)
	at java.util.concurrent.CompletableFuture.completeThrowable(CompletableFuture.java:308)
	at java.util.concurrent.CompletableFuture.uniAccept(CompletableFuture.java:661)
	at java.util.concurrent.CompletableFuture$UniAccept.tryFire(CompletableFuture.java:646)
	at java.util.concurrent.CompletableFuture.postComplete(CompletableFuture.java:488)
	at java.util.concurrent.CompletableFuture.completeExceptionally(CompletableFuture.java:1990)
	at scala.concurrent.java8.FuturesConvertersImpl$CF.apply(FutureConvertersImpl.scala:29)
	at scala.concurrent.java8.FuturesConvertersImpl$CF.apply(FutureConvertersImpl.scala:26)
	at scala.concurrent.impl.Promise$Transformation.run(Promise.scala:484)
	at scala.concurrent.ExecutionContext$parasitic$.execute(ExecutionContext.scala:222)
	at scala.concurrent.impl.Promise$Transformation.submitWithValue(Promise.scala:429)
	at scala.concurrent.impl.Promise$DefaultPromise.submitWithValue(Promise.scala:338)
	at scala.concurrent.impl.Promise$DefaultPromise.tryComplete0(Promise.scala:285)
	at scala.concurrent.impl.Promise$Transformation.run(Promise.scala:504)
	at java.util.concurrent.ThreadPoolExecutor.runWorker(ThreadPoolExecutor.java:1149)
	at java.util.concurrent.ThreadPoolExecutor$Worker.run(ThreadPoolExecutor.java:624)
	at java.lang.Thread.run(Thread.java:748)
Caused by: java.lang.IllegalArgumentException: Illegal character in path at index 30: file:///c:/Users/aelh/OneDrive - ALAN ALLMAN ASSOCIATES/Bureau/Git/Va-t-il_pleuvoir_demain
	at java.net.URI.create(URI.java:852)
	at scala.meta.internal.mtags.MtagsEnrichments$XtensionStringMtags.toAbsolutePath(MtagsEnrichments.scala:158)
	at scala.meta.internal.metals.MetalsEnrichments$XtensionString.toAbsolutePath(MetalsEnrichments.scala:609)
	at scala.meta.internal.metals.MetalsEnrichments$XtensionString.toAbsolutePath(MetalsEnrichments.scala:606)
	at scala.meta.internal.metals.MetalsLanguageServer.updateWorkspaceDirectory(MetalsLanguageServer.scala:365)
	at scala.meta.internal.metals.MetalsLanguageServer.$anonfun$initialize$2(MetalsLanguageServer.scala:879)
	at scala.concurrent.Future$.$anonfun$apply$1(Future.scala:678)
	at scala.concurrent.impl.Promise$Transformation.run(Promise.scala:467)
	... 3 more
Caused by: java.net.URISyntaxException: Illegal character in path at index 30: file:///c:/Users/aelh/OneDrive - ALAN ALLMAN ASSOCIATES/Bureau/Git/Va-t-il_pleuvoir_demain
	at java.net.URI$Parser.fail(URI.java:2847)
	at java.net.URI$Parser.checkChars(URI.java:3020)
	at java.net.URI$Parser.parseHierarchical(URI.java:3104)
	at java.net.URI$Parser.parse(URI.java:3052)
	at java.net.URI.<init>(URI.java:588)
	at java.net.URI.create(URI.java:850)
	... 10 more

2023.03.01 16:56:05 INFO  tracing is disabled for protocol LSP, to enable tracing of incoming and outgoing JSON messages create an empty file at c:\Users\aelh\OneDrive - ALAN ALLMAN ASSOCIATES\Bureau\Git\Va-t-il_pleuvoir_demain\.metals\lsp.trace.json or C:\Users\aelh\AppData\Local\scalameta\metals\cache\lsp.trace.json
mars 01, 2023 4:56:11 PM org.eclipse.lsp4j.jsonrpc.RemoteEndpoint fallbackResponseError
GRAVE: Internal error: java.lang.IllegalArgumentException: Illegal character in path at index 30: file:///c:/Users/aelh/OneDrive - ALAN ALLMAN ASSOCIATES/Bureau/Git/Va-t-il_pleuvoir_demain
java.util.concurrent.CompletionException: java.lang.IllegalArgumentException: Illegal character in path at index 30: file:///c:/Users/aelh/OneDrive - ALAN ALLMAN ASSOCIATES/Bureau/Git/Va-t-il_pleuvoir_demain
	at java.util.concurrent.CompletableFuture.encodeThrowable(CompletableFuture.java:292)
	at java.util.concurrent.CompletableFuture.completeThrowable(CompletableFuture.java:308)
	at java.util.concurrent.CompletableFuture.uniAccept(CompletableFuture.java:661)
	at java.util.concurrent.CompletableFuture$UniAccept.tryFire(CompletableFuture.java:646)
	at java.util.concurrent.CompletableFuture.postComplete(CompletableFuture.java:488)
	at java.util.concurrent.CompletableFuture.completeExceptionally(CompletableFuture.java:1990)
	at scala.concurrent.java8.FuturesConvertersImpl$CF.apply(FutureConvertersImpl.scala:29)
	at scala.concurrent.java8.FuturesConvertersImpl$CF.apply(FutureConvertersImpl.scala:26)
	at scala.concurrent.impl.Promise$Transformation.run(Promise.scala:484)
	at scala.concurrent.ExecutionContext$parasitic$.execute(ExecutionContext.scala:222)
	at scala.concurrent.impl.Promise$Transformation.submitWithValue(Promise.scala:429)
	at scala.concurrent.impl.Promise$DefaultPromise.submitWithValue(Promise.scala:338)
	at scala.concurrent.impl.Promise$DefaultPromise.tryComplete0(Promise.scala:285)
	at scala.concurrent.impl.Promise$Transformation.run(Promise.scala:504)
	at java.util.concurrent.ThreadPoolExecutor.runWorker(ThreadPoolExecutor.java:1149)
	at java.util.concurrent.ThreadPoolExecutor$Worker.run(ThreadPoolExecutor.java:624)
	at java.lang.Thread.run(Thread.java:748)
Caused by: java.lang.IllegalArgumentException: Illegal character in path at index 30: file:///c:/Users/aelh/OneDrive - ALAN ALLMAN ASSOCIATES/Bureau/Git/Va-t-il_pleuvoir_demain
	at java.net.URI.create(URI.java:852)
	at scala.meta.internal.mtags.MtagsEnrichments$XtensionStringMtags.toAbsolutePath(MtagsEnrichments.scala:158)
	at scala.meta.internal.metals.MetalsEnrichments$XtensionString.toAbsolutePath(MetalsEnrichments.scala:609)
	at scala.meta.internal.metals.MetalsEnrichments$XtensionString.toAbsolutePath(MetalsEnrichments.scala:606)
	at scala.meta.internal.metals.MetalsLanguageServer.updateWorkspaceDirectory(MetalsLanguageServer.scala:365)
	at scala.meta.internal.metals.MetalsLanguageServer.$anonfun$initialize$2(MetalsLanguageServer.scala:879)
	at scala.concurrent.Future$.$anonfun$apply$1(Future.scala:678)
	at scala.concurrent.impl.Promise$Transformation.run(Promise.scala:467)
	... 3 more
Caused by: java.net.URISyntaxException: Illegal character in path at index 30: file:///c:/Users/aelh/OneDrive - ALAN ALLMAN ASSOCIATES/Bureau/Git/Va-t-il_pleuvoir_demain
	at java.net.URI$Parser.fail(URI.java:2847)
	at java.net.URI$Parser.checkChars(URI.java:3020)
	at java.net.URI$Parser.parseHierarchical(URI.java:3104)
	at java.net.URI$Parser.parse(URI.java:3052)
	at java.net.URI.<init>(URI.java:588)
	at java.net.URI.create(URI.java:850)
	... 10 more

2023.03.01 16:56:18 INFO  tracing is disabled for protocol LSP, to enable tracing of incoming and outgoing JSON messages create an empty file at c:\Users\aelh\OneDrive - ALAN ALLMAN ASSOCIATES\Bureau\Git\Va-t-il_pleuvoir_demain\.metals\lsp.trace.json or C:\Users\aelh\AppData\Local\scalameta\metals\cache\lsp.trace.json
mars 01, 2023 4:56:23 PM org.eclipse.lsp4j.jsonrpc.RemoteEndpoint fallbackResponseError
GRAVE: Internal error: java.lang.IllegalArgumentException: Illegal character in path at index 30: file:///c:/Users/aelh/OneDrive - ALAN ALLMAN ASSOCIATES/Bureau/Git/Va-t-il_pleuvoir_demain
java.util.concurrent.CompletionException: java.lang.IllegalArgumentException: Illegal character in path at index 30: file:///c:/Users/aelh/OneDrive - ALAN ALLMAN ASSOCIATES/Bureau/Git/Va-t-il_pleuvoir_demain
	at java.util.concurrent.CompletableFuture.encodeThrowable(CompletableFuture.java:292)
	at java.util.concurrent.CompletableFuture.completeThrowable(CompletableFuture.java:308)
	at java.util.concurrent.CompletableFuture.uniAccept(CompletableFuture.java:661)
	at java.util.concurrent.CompletableFuture$UniAccept.tryFire(CompletableFuture.java:646)
	at java.util.concurrent.CompletableFuture.postComplete(CompletableFuture.java:488)
	at java.util.concurrent.CompletableFuture.completeExceptionally(CompletableFuture.java:1990)
	at scala.concurrent.java8.FuturesConvertersImpl$CF.apply(FutureConvertersImpl.scala:29)
	at scala.concurrent.java8.FuturesConvertersImpl$CF.apply(FutureConvertersImpl.scala:26)
	at scala.concurrent.impl.Promise$Transformation.run(Promise.scala:484)
	at scala.concurrent.ExecutionContext$parasitic$.execute(ExecutionContext.scala:222)
	at scala.concurrent.impl.Promise$Transformation.submitWithValue(Promise.scala:429)
	at scala.concurrent.impl.Promise$DefaultPromise.submitWithValue(Promise.scala:338)
	at scala.concurrent.impl.Promise$DefaultPromise.tryComplete0(Promise.scala:285)
	at scala.concurrent.impl.Promise$Transformation.run(Promise.scala:504)
	at java.util.concurrent.ThreadPoolExecutor.runWorker(ThreadPoolExecutor.java:1149)
	at java.util.concurrent.ThreadPoolExecutor$Worker.run(ThreadPoolExecutor.java:624)
	at java.lang.Thread.run(Thread.java:748)
Caused by: java.lang.IllegalArgumentException: Illegal character in path at index 30: file:///c:/Users/aelh/OneDrive - ALAN ALLMAN ASSOCIATES/Bureau/Git/Va-t-il_pleuvoir_demain
	at java.net.URI.create(URI.java:852)
	at scala.meta.internal.mtags.MtagsEnrichments$XtensionStringMtags.toAbsolutePath(MtagsEnrichments.scala:158)
	at scala.meta.internal.metals.MetalsEnrichments$XtensionString.toAbsolutePath(MetalsEnrichments.scala:609)
	at scala.meta.internal.metals.MetalsEnrichments$XtensionString.toAbsolutePath(MetalsEnrichments.scala:606)
	at scala.meta.internal.metals.MetalsLanguageServer.updateWorkspaceDirectory(MetalsLanguageServer.scala:365)
	at scala.meta.internal.metals.MetalsLanguageServer.$anonfun$initialize$2(MetalsLanguageServer.scala:879)
	at scala.concurrent.Future$.$anonfun$apply$1(Future.scala:678)
	at scala.concurrent.impl.Promise$Transformation.run(Promise.scala:467)
	... 3 more
Caused by: java.net.URISyntaxException: Illegal character in path at index 30: file:///c:/Users/aelh/OneDrive - ALAN ALLMAN ASSOCIATES/Bureau/Git/Va-t-il_pleuvoir_demain
	at java.net.URI$Parser.fail(URI.java:2847)
	at java.net.URI$Parser.checkChars(URI.java:3020)
	at java.net.URI$Parser.parseHierarchical(URI.java:3104)
	at java.net.URI$Parser.parse(URI.java:3052)
	at java.net.URI.<init>(URI.java:588)
	at java.net.URI.create(URI.java:850)
	... 10 more

2023.03.01 16:56:30 INFO  tracing is disabled for protocol LSP, to enable tracing of incoming and outgoing JSON messages create an empty file at c:\Users\aelh\OneDrive - ALAN ALLMAN ASSOCIATES\Bureau\Git\Va-t-il_pleuvoir_demain\.metals\lsp.trace.json or C:\Users\aelh\AppData\Local\scalameta\metals\cache\lsp.trace.json
mars 01, 2023 4:56:35 PM org.eclipse.lsp4j.jsonrpc.RemoteEndpoint fallbackResponseError
GRAVE: Internal error: java.lang.IllegalArgumentException: Illegal character in path at index 30: file:///c:/Users/aelh/OneDrive - ALAN ALLMAN ASSOCIATES/Bureau/Git/Va-t-il_pleuvoir_demain
java.util.concurrent.CompletionException: java.lang.IllegalArgumentException: Illegal character in path at index 30: file:///c:/Users/aelh/OneDrive - ALAN ALLMAN ASSOCIATES/Bureau/Git/Va-t-il_pleuvoir_demain
	at java.util.concurrent.CompletableFuture.encodeThrowable(CompletableFuture.java:292)
	at java.util.concurrent.CompletableFuture.completeThrowable(CompletableFuture.java:308)
	at java.util.concurrent.CompletableFuture.uniAccept(CompletableFuture.java:661)
	at java.util.concurrent.CompletableFuture$UniAccept.tryFire(CompletableFuture.java:646)
	at java.util.concurrent.CompletableFuture.postComplete(CompletableFuture.java:488)
	at java.util.concurrent.CompletableFuture.completeExceptionally(CompletableFuture.java:1990)
	at scala.concurrent.java8.FuturesConvertersImpl$CF.apply(FutureConvertersImpl.scala:29)
	at scala.concurrent.java8.FuturesConvertersImpl$CF.apply(FutureConvertersImpl.scala:26)
	at scala.concurrent.impl.Promise$Transformation.run(Promise.scala:484)
	at scala.concurrent.ExecutionContext$parasitic$.execute(ExecutionContext.scala:222)
	at scala.concurrent.impl.Promise$Transformation.submitWithValue(Promise.scala:429)
	at scala.concurrent.impl.Promise$DefaultPromise.submitWithValue(Promise.scala:338)
	at scala.concurrent.impl.Promise$DefaultPromise.tryComplete0(Promise.scala:285)
	at scala.concurrent.impl.Promise$Transformation.run(Promise.scala:504)
	at java.util.concurrent.ThreadPoolExecutor.runWorker(ThreadPoolExecutor.java:1149)
	at java.util.concurrent.ThreadPoolExecutor$Worker.run(ThreadPoolExecutor.java:624)
	at java.lang.Thread.run(Thread.java:748)
Caused by: java.lang.IllegalArgumentException: Illegal character in path at index 30: file:///c:/Users/aelh/OneDrive - ALAN ALLMAN ASSOCIATES/Bureau/Git/Va-t-il_pleuvoir_demain
	at java.net.URI.create(URI.java:852)
	at scala.meta.internal.mtags.MtagsEnrichments$XtensionStringMtags.toAbsolutePath(MtagsEnrichments.scala:158)
	at scala.meta.internal.metals.MetalsEnrichments$XtensionString.toAbsolutePath(MetalsEnrichments.scala:609)
	at scala.meta.internal.metals.MetalsEnrichments$XtensionString.toAbsolutePath(MetalsEnrichments.scala:606)
	at scala.meta.internal.metals.MetalsLanguageServer.updateWorkspaceDirectory(MetalsLanguageServer.scala:365)
	at scala.meta.internal.metals.MetalsLanguageServer.$anonfun$initialize$2(MetalsLanguageServer.scala:879)
	at scala.concurrent.Future$.$anonfun$apply$1(Future.scala:678)
	at scala.concurrent.impl.Promise$Transformation.run(Promise.scala:467)
	... 3 more
Caused by: java.net.URISyntaxException: Illegal character in path at index 30: file:///c:/Users/aelh/OneDrive - ALAN ALLMAN ASSOCIATES/Bureau/Git/Va-t-il_pleuvoir_demain
	at java.net.URI$Parser.fail(URI.java:2847)
	at java.net.URI$Parser.checkChars(URI.java:3020)
	at java.net.URI$Parser.parseHierarchical(URI.java:3104)
	at java.net.URI$Parser.parse(URI.java:3052)
	at java.net.URI.<init>(URI.java:588)
	at java.net.URI.create(URI.java:850)
	... 10 more

2023.03.01 16:56:43 INFO  tracing is disabled for protocol LSP, to enable tracing of incoming and outgoing JSON messages create an empty file at c:\Users\aelh\OneDrive - ALAN ALLMAN ASSOCIATES\Bureau\Git\Va-t-il_pleuvoir_demain\.metals\lsp.trace.json or C:\Users\aelh\AppData\Local\scalameta\metals\cache\lsp.trace.json
mars 01, 2023 4:56:49 PM org.eclipse.lsp4j.jsonrpc.RemoteEndpoint fallbackResponseError
GRAVE: Internal error: java.lang.IllegalArgumentException: Illegal character in path at index 30: file:///c:/Users/aelh/OneDrive - ALAN ALLMAN ASSOCIATES/Bureau/Git/Va-t-il_pleuvoir_demain
java.util.concurrent.CompletionException: java.lang.IllegalArgumentException: Illegal character in path at index 30: file:///c:/Users/aelh/OneDrive - ALAN ALLMAN ASSOCIATES/Bureau/Git/Va-t-il_pleuvoir_demain
	at java.util.concurrent.CompletableFuture.encodeThrowable(CompletableFuture.java:292)
	at java.util.concurrent.CompletableFuture.completeThrowable(CompletableFuture.java:308)
	at java.util.concurrent.CompletableFuture.uniAccept(CompletableFuture.java:661)
	at java.util.concurrent.CompletableFuture$UniAccept.tryFire(CompletableFuture.java:646)
	at java.util.concurrent.CompletableFuture.postComplete(CompletableFuture.java:488)
	at java.util.concurrent.CompletableFuture.completeExceptionally(CompletableFuture.java:1990)
	at scala.concurrent.java8.FuturesConvertersImpl$CF.apply(FutureConvertersImpl.scala:29)
	at scala.concurrent.java8.FuturesConvertersImpl$CF.apply(FutureConvertersImpl.scala:26)
	at scala.concurrent.impl.Promise$Transformation.run(Promise.scala:484)
	at scala.concurrent.ExecutionContext$parasitic$.execute(ExecutionContext.scala:222)
	at scala.concurrent.impl.Promise$Transformation.submitWithValue(Promise.scala:429)
	at scala.concurrent.impl.Promise$DefaultPromise.submitWithValue(Promise.scala:338)
	at scala.concurrent.impl.Promise$DefaultPromise.tryComplete0(Promise.scala:285)
	at scala.concurrent.impl.Promise$Transformation.run(Promise.scala:504)
	at java.util.concurrent.ThreadPoolExecutor.runWorker(ThreadPoolExecutor.java:1149)
	at java.util.concurrent.ThreadPoolExecutor$Worker.run(ThreadPoolExecutor.java:624)
	at java.lang.Thread.run(Thread.java:748)
Caused by: java.lang.IllegalArgumentException: Illegal character in path at index 30: file:///c:/Users/aelh/OneDrive - ALAN ALLMAN ASSOCIATES/Bureau/Git/Va-t-il_pleuvoir_demain
	at java.net.URI.create(URI.java:852)
	at scala.meta.internal.mtags.MtagsEnrichments$XtensionStringMtags.toAbsolutePath(MtagsEnrichments.scala:158)
	at scala.meta.internal.metals.MetalsEnrichments$XtensionString.toAbsolutePath(MetalsEnrichments.scala:609)
	at scala.meta.internal.metals.MetalsEnrichments$XtensionString.toAbsolutePath(MetalsEnrichments.scala:606)
	at scala.meta.internal.metals.MetalsLanguageServer.updateWorkspaceDirectory(MetalsLanguageServer.scala:365)
	at scala.meta.internal.metals.MetalsLanguageServer.$anonfun$initialize$2(MetalsLanguageServer.scala:879)
	at scala.concurrent.Future$.$anonfun$apply$1(Future.scala:678)
	at scala.concurrent.impl.Promise$Transformation.run(Promise.scala:467)
	... 3 more
Caused by: java.net.URISyntaxException: Illegal character in path at index 30: file:///c:/Users/aelh/OneDrive - ALAN ALLMAN ASSOCIATES/Bureau/Git/Va-t-il_pleuvoir_demain
	at java.net.URI$Parser.fail(URI.java:2847)
	at java.net.URI$Parser.checkChars(URI.java:3020)
	at java.net.URI$Parser.parseHierarchical(URI.java:3104)
	at java.net.URI$Parser.parse(URI.java:3052)
	at java.net.URI.<init>(URI.java:588)
	at java.net.URI.create(URI.java:850)
	... 10 more

2023.03.01 16:56:58 INFO  tracing is disabled for protocol LSP, to enable tracing of incoming and outgoing JSON messages create an empty file at c:\Users\aelh\OneDrive - ALAN ALLMAN ASSOCIATES\Bureau\Git\Va-t-il_pleuvoir_demain\.metals\lsp.trace.json or C:\Users\aelh\AppData\Local\scalameta\metals\cache\lsp.trace.json
mars 01, 2023 4:57:02 PM org.eclipse.lsp4j.jsonrpc.RemoteEndpoint fallbackResponseError
GRAVE: Internal error: java.lang.IllegalArgumentException: Illegal character in path at index 30: file:///c:/Users/aelh/OneDrive - ALAN ALLMAN ASSOCIATES/Bureau/Git/Va-t-il_pleuvoir_demain
java.util.concurrent.CompletionException: java.lang.IllegalArgumentException: Illegal character in path at index 30: file:///c:/Users/aelh/OneDrive - ALAN ALLMAN ASSOCIATES/Bureau/Git/Va-t-il_pleuvoir_demain
	at java.util.concurrent.CompletableFuture.encodeThrowable(CompletableFuture.java:292)
	at java.util.concurrent.CompletableFuture.completeThrowable(CompletableFuture.java:308)
	at java.util.concurrent.CompletableFuture.uniAccept(CompletableFuture.java:661)
	at java.util.concurrent.CompletableFuture$UniAccept.tryFire(CompletableFuture.java:646)
	at java.util.concurrent.CompletableFuture.postComplete(CompletableFuture.java:488)
	at java.util.concurrent.CompletableFuture.completeExceptionally(CompletableFuture.java:1990)
	at scala.concurrent.java8.FuturesConvertersImpl$CF.apply(FutureConvertersImpl.scala:29)
	at scala.concurrent.java8.FuturesConvertersImpl$CF.apply(FutureConvertersImpl.scala:26)
	at scala.concurrent.impl.Promise$Transformation.run(Promise.scala:484)
	at scala.concurrent.ExecutionContext$parasitic$.execute(ExecutionContext.scala:222)
	at scala.concurrent.impl.Promise$Transformation.submitWithValue(Promise.scala:429)
	at scala.concurrent.impl.Promise$DefaultPromise.submitWithValue(Promise.scala:338)
	at scala.concurrent.impl.Promise$DefaultPromise.tryComplete0(Promise.scala:285)
	at scala.concurrent.impl.Promise$Transformation.run(Promise.scala:504)
	at java.util.concurrent.ThreadPoolExecutor.runWorker(ThreadPoolExecutor.java:1149)
	at java.util.concurrent.ThreadPoolExecutor$Worker.run(ThreadPoolExecutor.java:624)
	at java.lang.Thread.run(Thread.java:748)
Caused by: java.lang.IllegalArgumentException: Illegal character in path at index 30: file:///c:/Users/aelh/OneDrive - ALAN ALLMAN ASSOCIATES/Bureau/Git/Va-t-il_pleuvoir_demain
	at java.net.URI.create(URI.java:852)
	at scala.meta.internal.mtags.MtagsEnrichments$XtensionStringMtags.toAbsolutePath(MtagsEnrichments.scala:158)
	at scala.meta.internal.metals.MetalsEnrichments$XtensionString.toAbsolutePath(MetalsEnrichments.scala:609)
	at scala.meta.internal.metals.MetalsEnrichments$XtensionString.toAbsolutePath(MetalsEnrichments.scala:606)
	at scala.meta.internal.metals.MetalsLanguageServer.updateWorkspaceDirectory(MetalsLanguageServer.scala:365)
	at scala.meta.internal.metals.MetalsLanguageServer.$anonfun$initialize$2(MetalsLanguageServer.scala:879)
	at scala.concurrent.Future$.$anonfun$apply$1(Future.scala:678)
	at scala.concurrent.impl.Promise$Transformation.run(Promise.scala:467)
	... 3 more
Caused by: java.net.URISyntaxException: Illegal character in path at index 30: file:///c:/Users/aelh/OneDrive - ALAN ALLMAN ASSOCIATES/Bureau/Git/Va-t-il_pleuvoir_demain
	at java.net.URI$Parser.fail(URI.java:2847)
	at java.net.URI$Parser.checkChars(URI.java:3020)
	at java.net.URI$Parser.parseHierarchical(URI.java:3104)
	at java.net.URI$Parser.parse(URI.java:3052)
	at java.net.URI.<init>(URI.java:588)
	at java.net.URI.create(URI.java:850)
	... 10 more

2023.03.08 10:21:01 INFO  tracing is disabled for protocol LSP, to enable tracing of incoming and outgoing JSON messages create an empty file at c:\Users\aelh\OneDrive - ALAN ALLMAN ASSOCIATES\Bureau\Git\Va-t-il_pleuvoir_demain\.metals\lsp.trace.json or C:\Users\aelh\AppData\Local\scalameta\metals\cache\lsp.trace.json
mars 08, 2023 10:21:03 AM org.eclipse.lsp4j.jsonrpc.RemoteEndpoint fallbackResponseError
GRAVE: Internal error: java.lang.IllegalArgumentException: Illegal character in path at index 30: file:///c:/Users/aelh/OneDrive - ALAN ALLMAN ASSOCIATES/Bureau/Git/Va-t-il_pleuvoir_demain
java.util.concurrent.CompletionException: java.lang.IllegalArgumentException: Illegal character in path at index 30: file:///c:/Users/aelh/OneDrive - ALAN ALLMAN ASSOCIATES/Bureau/Git/Va-t-il_pleuvoir_demain
	at java.util.concurrent.CompletableFuture.encodeThrowable(CompletableFuture.java:292)
	at java.util.concurrent.CompletableFuture.completeThrowable(CompletableFuture.java:308)
	at java.util.concurrent.CompletableFuture.uniAccept(CompletableFuture.java:661)
	at java.util.concurrent.CompletableFuture$UniAccept.tryFire(CompletableFuture.java:646)
	at java.util.concurrent.CompletableFuture.postComplete(CompletableFuture.java:488)
	at java.util.concurrent.CompletableFuture.completeExceptionally(CompletableFuture.java:1990)
	at scala.concurrent.java8.FuturesConvertersImpl$CF.apply(FutureConvertersImpl.scala:29)
	at scala.concurrent.java8.FuturesConvertersImpl$CF.apply(FutureConvertersImpl.scala:26)
	at scala.concurrent.impl.Promise$Transformation.run(Promise.scala:484)
	at scala.concurrent.ExecutionContext$parasitic$.execute(ExecutionContext.scala:222)
	at scala.concurrent.impl.Promise$Transformation.submitWithValue(Promise.scala:429)
	at scala.concurrent.impl.Promise$DefaultPromise.submitWithValue(Promise.scala:338)
	at scala.concurrent.impl.Promise$DefaultPromise.tryComplete0(Promise.scala:285)
	at scala.concurrent.impl.Promise$Transformation.run(Promise.scala:504)
	at java.util.concurrent.ThreadPoolExecutor.runWorker(ThreadPoolExecutor.java:1149)
	at java.util.concurrent.ThreadPoolExecutor$Worker.run(ThreadPoolExecutor.java:624)
	at java.lang.Thread.run(Thread.java:748)
Caused by: java.lang.IllegalArgumentException: Illegal character in path at index 30: file:///c:/Users/aelh/OneDrive - ALAN ALLMAN ASSOCIATES/Bureau/Git/Va-t-il_pleuvoir_demain
	at java.net.URI.create(URI.java:852)
	at scala.meta.internal.mtags.MtagsEnrichments$XtensionStringMtags.toAbsolutePath(MtagsEnrichments.scala:158)
	at scala.meta.internal.metals.MetalsEnrichments$XtensionString.toAbsolutePath(MetalsEnrichments.scala:609)
	at scala.meta.internal.metals.MetalsEnrichments$XtensionString.toAbsolutePath(MetalsEnrichments.scala:606)
	at scala.meta.internal.metals.MetalsLanguageServer.updateWorkspaceDirectory(MetalsLanguageServer.scala:365)
	at scala.meta.internal.metals.MetalsLanguageServer.$anonfun$initialize$2(MetalsLanguageServer.scala:879)
	at scala.concurrent.Future$.$anonfun$apply$1(Future.scala:678)
	at scala.concurrent.impl.Promise$Transformation.run(Promise.scala:467)
	... 3 more
Caused by: java.net.URISyntaxException: Illegal character in path at index 30: file:///c:/Users/aelh/OneDrive - ALAN ALLMAN ASSOCIATES/Bureau/Git/Va-t-il_pleuvoir_demain
	at java.net.URI$Parser.fail(URI.java:2847)
	at java.net.URI$Parser.checkChars(URI.java:3020)
	at java.net.URI$Parser.parseHierarchical(URI.java:3104)
	at java.net.URI$Parser.parse(URI.java:3052)
	at java.net.URI.<init>(URI.java:588)
	at java.net.URI.create(URI.java:850)
	... 10 more

2023.03.08 10:21:09 INFO  tracing is disabled for protocol LSP, to enable tracing of incoming and outgoing JSON messages create an empty file at c:\Users\aelh\OneDrive - ALAN ALLMAN ASSOCIATES\Bureau\Git\Va-t-il_pleuvoir_demain\.metals\lsp.trace.json or C:\Users\aelh\AppData\Local\scalameta\metals\cache\lsp.trace.json
mars 08, 2023 10:21:11 AM org.eclipse.lsp4j.jsonrpc.RemoteEndpoint fallbackResponseError
GRAVE: Internal error: java.lang.IllegalArgumentException: Illegal character in path at index 30: file:///c:/Users/aelh/OneDrive - ALAN ALLMAN ASSOCIATES/Bureau/Git/Va-t-il_pleuvoir_demain
java.util.concurrent.CompletionException: java.lang.IllegalArgumentException: Illegal character in path at index 30: file:///c:/Users/aelh/OneDrive - ALAN ALLMAN ASSOCIATES/Bureau/Git/Va-t-il_pleuvoir_demain
	at java.util.concurrent.CompletableFuture.encodeThrowable(CompletableFuture.java:292)
	at java.util.concurrent.CompletableFuture.completeThrowable(CompletableFuture.java:308)
	at java.util.concurrent.CompletableFuture.uniAccept(CompletableFuture.java:661)
	at java.util.concurrent.CompletableFuture$UniAccept.tryFire(CompletableFuture.java:646)
	at java.util.concurrent.CompletableFuture.postComplete(CompletableFuture.java:488)
	at java.util.concurrent.CompletableFuture.completeExceptionally(CompletableFuture.java:1990)
	at scala.concurrent.java8.FuturesConvertersImpl$CF.apply(FutureConvertersImpl.scala:29)
	at scala.concurrent.java8.FuturesConvertersImpl$CF.apply(FutureConvertersImpl.scala:26)
	at scala.concurrent.impl.Promise$Transformation.run(Promise.scala:484)
	at scala.concurrent.ExecutionContext$parasitic$.execute(ExecutionContext.scala:222)
	at scala.concurrent.impl.Promise$Transformation.submitWithValue(Promise.scala:429)
	at scala.concurrent.impl.Promise$DefaultPromise.submitWithValue(Promise.scala:338)
	at scala.concurrent.impl.Promise$DefaultPromise.tryComplete0(Promise.scala:285)
	at scala.concurrent.impl.Promise$Transformation.run(Promise.scala:504)
	at java.util.concurrent.ThreadPoolExecutor.runWorker(ThreadPoolExecutor.java:1149)
	at java.util.concurrent.ThreadPoolExecutor$Worker.run(ThreadPoolExecutor.java:624)
	at java.lang.Thread.run(Thread.java:748)
Caused by: java.lang.IllegalArgumentException: Illegal character in path at index 30: file:///c:/Users/aelh/OneDrive - ALAN ALLMAN ASSOCIATES/Bureau/Git/Va-t-il_pleuvoir_demain
	at java.net.URI.create(URI.java:852)
	at scala.meta.internal.mtags.MtagsEnrichments$XtensionStringMtags.toAbsolutePath(MtagsEnrichments.scala:158)
	at scala.meta.internal.metals.MetalsEnrichments$XtensionString.toAbsolutePath(MetalsEnrichments.scala:609)
	at scala.meta.internal.metals.MetalsEnrichments$XtensionString.toAbsolutePath(MetalsEnrichments.scala:606)
	at scala.meta.internal.metals.MetalsLanguageServer.updateWorkspaceDirectory(MetalsLanguageServer.scala:365)
	at scala.meta.internal.metals.MetalsLanguageServer.$anonfun$initialize$2(MetalsLanguageServer.scala:879)
	at scala.concurrent.Future$.$anonfun$apply$1(Future.scala:678)
	at scala.concurrent.impl.Promise$Transformation.run(Promise.scala:467)
	... 3 more
Caused by: java.net.URISyntaxException: Illegal character in path at index 30: file:///c:/Users/aelh/OneDrive - ALAN ALLMAN ASSOCIATES/Bureau/Git/Va-t-il_pleuvoir_demain
	at java.net.URI$Parser.fail(URI.java:2847)
	at java.net.URI$Parser.checkChars(URI.java:3020)
	at java.net.URI$Parser.parseHierarchical(URI.java:3104)
	at java.net.URI$Parser.parse(URI.java:3052)
	at java.net.URI.<init>(URI.java:588)
	at java.net.URI.create(URI.java:850)
	... 10 more

2023.03.08 10:21:16 INFO  tracing is disabled for protocol LSP, to enable tracing of incoming and outgoing JSON messages create an empty file at c:\Users\aelh\OneDrive - ALAN ALLMAN ASSOCIATES\Bureau\Git\Va-t-il_pleuvoir_demain\.metals\lsp.trace.json or C:\Users\aelh\AppData\Local\scalameta\metals\cache\lsp.trace.json
mars 08, 2023 10:21:18 AM org.eclipse.lsp4j.jsonrpc.RemoteEndpoint fallbackResponseError
GRAVE: Internal error: java.lang.IllegalArgumentException: Illegal character in path at index 30: file:///c:/Users/aelh/OneDrive - ALAN ALLMAN ASSOCIATES/Bureau/Git/Va-t-il_pleuvoir_demain
java.util.concurrent.CompletionException: java.lang.IllegalArgumentException: Illegal character in path at index 30: file:///c:/Users/aelh/OneDrive - ALAN ALLMAN ASSOCIATES/Bureau/Git/Va-t-il_pleuvoir_demain
	at java.util.concurrent.CompletableFuture.encodeThrowable(CompletableFuture.java:292)
	at java.util.concurrent.CompletableFuture.completeThrowable(CompletableFuture.java:308)
	at java.util.concurrent.CompletableFuture.uniAccept(CompletableFuture.java:661)
	at java.util.concurrent.CompletableFuture$UniAccept.tryFire(CompletableFuture.java:646)
	at java.util.concurrent.CompletableFuture.postComplete(CompletableFuture.java:488)
	at java.util.concurrent.CompletableFuture.completeExceptionally(CompletableFuture.java:1990)
	at scala.concurrent.java8.FuturesConvertersImpl$CF.apply(FutureConvertersImpl.scala:29)
	at scala.concurrent.java8.FuturesConvertersImpl$CF.apply(FutureConvertersImpl.scala:26)
	at scala.concurrent.impl.Promise$Transformation.run(Promise.scala:484)
	at scala.concurrent.ExecutionContext$parasitic$.execute(ExecutionContext.scala:222)
	at scala.concurrent.impl.Promise$Transformation.submitWithValue(Promise.scala:429)
	at scala.concurrent.impl.Promise$DefaultPromise.submitWithValue(Promise.scala:338)
	at scala.concurrent.impl.Promise$DefaultPromise.tryComplete0(Promise.scala:285)
	at scala.concurrent.impl.Promise$Transformation.run(Promise.scala:504)
	at java.util.concurrent.ThreadPoolExecutor.runWorker(ThreadPoolExecutor.java:1149)
	at java.util.concurrent.ThreadPoolExecutor$Worker.run(ThreadPoolExecutor.java:624)
	at java.lang.Thread.run(Thread.java:748)
Caused by: java.lang.IllegalArgumentException: Illegal character in path at index 30: file:///c:/Users/aelh/OneDrive - ALAN ALLMAN ASSOCIATES/Bureau/Git/Va-t-il_pleuvoir_demain
	at java.net.URI.create(URI.java:852)
	at scala.meta.internal.mtags.MtagsEnrichments$XtensionStringMtags.toAbsolutePath(MtagsEnrichments.scala:158)
	at scala.meta.internal.metals.MetalsEnrichments$XtensionString.toAbsolutePath(MetalsEnrichments.scala:609)
	at scala.meta.internal.metals.MetalsEnrichments$XtensionString.toAbsolutePath(MetalsEnrichments.scala:606)
	at scala.meta.internal.metals.MetalsLanguageServer.updateWorkspaceDirectory(MetalsLanguageServer.scala:365)
	at scala.meta.internal.metals.MetalsLanguageServer.$anonfun$initialize$2(MetalsLanguageServer.scala:879)
	at scala.concurrent.Future$.$anonfun$apply$1(Future.scala:678)
	at scala.concurrent.impl.Promise$Transformation.run(Promise.scala:467)
	... 3 more
Caused by: java.net.URISyntaxException: Illegal character in path at index 30: file:///c:/Users/aelh/OneDrive - ALAN ALLMAN ASSOCIATES/Bureau/Git/Va-t-il_pleuvoir_demain
	at java.net.URI$Parser.fail(URI.java:2847)
	at java.net.URI$Parser.checkChars(URI.java:3020)
	at java.net.URI$Parser.parseHierarchical(URI.java:3104)
	at java.net.URI$Parser.parse(URI.java:3052)
	at java.net.URI.<init>(URI.java:588)
	at java.net.URI.create(URI.java:850)
	... 10 more

2023.03.08 10:21:23 INFO  tracing is disabled for protocol LSP, to enable tracing of incoming and outgoing JSON messages create an empty file at c:\Users\aelh\OneDrive - ALAN ALLMAN ASSOCIATES\Bureau\Git\Va-t-il_pleuvoir_demain\.metals\lsp.trace.json or C:\Users\aelh\AppData\Local\scalameta\metals\cache\lsp.trace.json
mars 08, 2023 10:21:25 AM org.eclipse.lsp4j.jsonrpc.RemoteEndpoint fallbackResponseError
GRAVE: Internal error: java.lang.IllegalArgumentException: Illegal character in path at index 30: file:///c:/Users/aelh/OneDrive - ALAN ALLMAN ASSOCIATES/Bureau/Git/Va-t-il_pleuvoir_demain
java.util.concurrent.CompletionException: java.lang.IllegalArgumentException: Illegal character in path at index 30: file:///c:/Users/aelh/OneDrive - ALAN ALLMAN ASSOCIATES/Bureau/Git/Va-t-il_pleuvoir_demain
	at java.util.concurrent.CompletableFuture.encodeThrowable(CompletableFuture.java:292)
	at java.util.concurrent.CompletableFuture.completeThrowable(CompletableFuture.java:308)
	at java.util.concurrent.CompletableFuture.uniAccept(CompletableFuture.java:661)
	at java.util.concurrent.CompletableFuture$UniAccept.tryFire(CompletableFuture.java:646)
	at java.util.concurrent.CompletableFuture.postComplete(CompletableFuture.java:488)
	at java.util.concurrent.CompletableFuture.completeExceptionally(CompletableFuture.java:1990)
	at scala.concurrent.java8.FuturesConvertersImpl$CF.apply(FutureConvertersImpl.scala:29)
	at scala.concurrent.java8.FuturesConvertersImpl$CF.apply(FutureConvertersImpl.scala:26)
	at scala.concurrent.impl.Promise$Transformation.run(Promise.scala:484)
	at scala.concurrent.ExecutionContext$parasitic$.execute(ExecutionContext.scala:222)
	at scala.concurrent.impl.Promise$Transformation.submitWithValue(Promise.scala:429)
	at scala.concurrent.impl.Promise$DefaultPromise.submitWithValue(Promise.scala:338)
	at scala.concurrent.impl.Promise$DefaultPromise.tryComplete0(Promise.scala:285)
	at scala.concurrent.impl.Promise$Transformation.run(Promise.scala:504)
	at java.util.concurrent.ThreadPoolExecutor.runWorker(ThreadPoolExecutor.java:1149)
	at java.util.concurrent.ThreadPoolExecutor$Worker.run(ThreadPoolExecutor.java:624)
	at java.lang.Thread.run(Thread.java:748)
Caused by: java.lang.IllegalArgumentException: Illegal character in path at index 30: file:///c:/Users/aelh/OneDrive - ALAN ALLMAN ASSOCIATES/Bureau/Git/Va-t-il_pleuvoir_demain
	at java.net.URI.create(URI.java:852)
	at scala.meta.internal.mtags.MtagsEnrichments$XtensionStringMtags.toAbsolutePath(MtagsEnrichments.scala:158)
	at scala.meta.internal.metals.MetalsEnrichments$XtensionString.toAbsolutePath(MetalsEnrichments.scala:609)
	at scala.meta.internal.metals.MetalsEnrichments$XtensionString.toAbsolutePath(MetalsEnrichments.scala:606)
	at scala.meta.internal.metals.MetalsLanguageServer.updateWorkspaceDirectory(MetalsLanguageServer.scala:365)
	at scala.meta.internal.metals.MetalsLanguageServer.$anonfun$initialize$2(MetalsLanguageServer.scala:879)
	at scala.concurrent.Future$.$anonfun$apply$1(Future.scala:678)
	at scala.concurrent.impl.Promise$Transformation.run(Promise.scala:467)
	... 3 more
Caused by: java.net.URISyntaxException: Illegal character in path at index 30: file:///c:/Users/aelh/OneDrive - ALAN ALLMAN ASSOCIATES/Bureau/Git/Va-t-il_pleuvoir_demain
	at java.net.URI$Parser.fail(URI.java:2847)
	at java.net.URI$Parser.checkChars(URI.java:3020)
	at java.net.URI$Parser.parseHierarchical(URI.java:3104)
	at java.net.URI$Parser.parse(URI.java:3052)
	at java.net.URI.<init>(URI.java:588)
	at java.net.URI.create(URI.java:850)
	... 10 more

2023.03.08 10:21:30 INFO  tracing is disabled for protocol LSP, to enable tracing of incoming and outgoing JSON messages create an empty file at c:\Users\aelh\OneDrive - ALAN ALLMAN ASSOCIATES\Bureau\Git\Va-t-il_pleuvoir_demain\.metals\lsp.trace.json or C:\Users\aelh\AppData\Local\scalameta\metals\cache\lsp.trace.json
mars 08, 2023 10:21:32 AM org.eclipse.lsp4j.jsonrpc.RemoteEndpoint fallbackResponseError
GRAVE: Internal error: java.lang.IllegalArgumentException: Illegal character in path at index 30: file:///c:/Users/aelh/OneDrive - ALAN ALLMAN ASSOCIATES/Bureau/Git/Va-t-il_pleuvoir_demain
java.util.concurrent.CompletionException: java.lang.IllegalArgumentException: Illegal character in path at index 30: file:///c:/Users/aelh/OneDrive - ALAN ALLMAN ASSOCIATES/Bureau/Git/Va-t-il_pleuvoir_demain
	at java.util.concurrent.CompletableFuture.encodeThrowable(CompletableFuture.java:292)
	at java.util.concurrent.CompletableFuture.completeThrowable(CompletableFuture.java:308)
	at java.util.concurrent.CompletableFuture.uniAccept(CompletableFuture.java:661)
	at java.util.concurrent.CompletableFuture$UniAccept.tryFire(CompletableFuture.java:646)
	at java.util.concurrent.CompletableFuture.postComplete(CompletableFuture.java:488)
	at java.util.concurrent.CompletableFuture.completeExceptionally(CompletableFuture.java:1990)
	at scala.concurrent.java8.FuturesConvertersImpl$CF.apply(FutureConvertersImpl.scala:29)
	at scala.concurrent.java8.FuturesConvertersImpl$CF.apply(FutureConvertersImpl.scala:26)
	at scala.concurrent.impl.Promise$Transformation.run(Promise.scala:484)
	at scala.concurrent.ExecutionContext$parasitic$.execute(ExecutionContext.scala:222)
	at scala.concurrent.impl.Promise$Transformation.submitWithValue(Promise.scala:429)
	at scala.concurrent.impl.Promise$DefaultPromise.submitWithValue(Promise.scala:338)
	at scala.concurrent.impl.Promise$DefaultPromise.tryComplete0(Promise.scala:285)
	at scala.concurrent.impl.Promise$Transformation.run(Promise.scala:504)
	at java.util.concurrent.ThreadPoolExecutor.runWorker(ThreadPoolExecutor.java:1149)
	at java.util.concurrent.ThreadPoolExecutor$Worker.run(ThreadPoolExecutor.java:624)
	at java.lang.Thread.run(Thread.java:748)
Caused by: java.lang.IllegalArgumentException: Illegal character in path at index 30: file:///c:/Users/aelh/OneDrive - ALAN ALLMAN ASSOCIATES/Bureau/Git/Va-t-il_pleuvoir_demain
	at java.net.URI.create(URI.java:852)
	at scala.meta.internal.mtags.MtagsEnrichments$XtensionStringMtags.toAbsolutePath(MtagsEnrichments.scala:158)
	at scala.meta.internal.metals.MetalsEnrichments$XtensionString.toAbsolutePath(MetalsEnrichments.scala:609)
	at scala.meta.internal.metals.MetalsEnrichments$XtensionString.toAbsolutePath(MetalsEnrichments.scala:606)
	at scala.meta.internal.metals.MetalsLanguageServer.updateWorkspaceDirectory(MetalsLanguageServer.scala:365)
	at scala.meta.internal.metals.MetalsLanguageServer.$anonfun$initialize$2(MetalsLanguageServer.scala:879)
	at scala.concurrent.Future$.$anonfun$apply$1(Future.scala:678)
	at scala.concurrent.impl.Promise$Transformation.run(Promise.scala:467)
	... 3 more
Caused by: java.net.URISyntaxException: Illegal character in path at index 30: file:///c:/Users/aelh/OneDrive - ALAN ALLMAN ASSOCIATES/Bureau/Git/Va-t-il_pleuvoir_demain
	at java.net.URI$Parser.fail(URI.java:2847)
	at java.net.URI$Parser.checkChars(URI.java:3020)
	at java.net.URI$Parser.parseHierarchical(URI.java:3104)
	at java.net.URI$Parser.parse(URI.java:3052)
	at java.net.URI.<init>(URI.java:588)
	at java.net.URI.create(URI.java:850)
	... 10 more

